<?xml version="1.0" encoding="utf-8"?><testsuites name="pytest tests"><testsuite name="pytest" errors="0" failures="0" skipped="0" tests="18" time="5.348" timestamp="2026-09-18T09:10:26.503218+00:00" hostname="agent-env-e0510791-62af-4196-a32c-3a24c49ecfd8"><testcase classname="tests.test_logos_and_content.TestLogosCRUD" name="test_unauth_post_401" time="0.231" /><testcase classname="tests.test_logos_and_content.TestLogosRead" name="test_list_all" time="0.254" /><testcase classname="tests.test_logos_and_content.TestLogosCRUD" name="test_client_role_forbidden" time="0.447" /><testcase classname="tests.test_logos_and_content.TestLogosRead" name="test_list_by_section[clients-13]" time="0.358" /><testcase classname="tests.test_logos_and_content.TestLogosRead" name="test_list_by_section[group-4]" time="0.163" /><testcase classname="tests.test_logos_and_content.TestLogosCRUD" name="test_admin_create_and_file_served" time="0.933" /><testcase classname="tests.test_logos_and_content.TestLogosRead" name="test_list_by_section[affiliations-3]" time="0.303" /><testcase classname="tests.test_logos_and_content.TestSiteContent" name="test_get_returns_dict" time="0.231" /><testcase classname="tests.test_logos_and_content.TestSiteContent" name="test_unauth_put_401" time="0.119" /><testcase classname="tests.test_logos_and_content.TestSiteContent" name="test_admin_put_and_reflect" time="0.707" /><testcase classname="tests.test_logos_and_content.TestLogosCRUD" name="test_invalid_section_400" time="0.465" /><testcase classname="tests.test_logos_and_content.TestLogosCRUD" name="test_update_name_and_dark" time="0.690" /><testcase classname="tests.test_logos_and_content.TestSiteContent" name="test_admin_reset_key" time="0.695" /><testcase classname="tests.test_logos_and_content.TestLogosCRUD" name="test_update_replaces_file" time="0.723" /><testcase classname="tests.test_logos_and_content.TestLogosCRUD" name="test_reorder" time="0.788" /><testcase classname="tests.test_logos_and_content.TestLogosCRUD" name="test_unauth_put_401" time="0.111" /><testcase classname="tests.test_logos_and_content.TestLogosCRUD" name="test_unauth_delete_401" time="0.141" /><testcase classname="tests.test_logos_and_content.TestLogosCRUD" name="test_delete_and_cleanup" time="0.503" /></testsuite></testsuites>